<?xml version="1.0" encoding="UTF-8"?>
<coverage generated="1685632364967" clover="3.2.0">
  <project timestamp="1685632364967" name="All files">
    <metrics statements="69" coveredstatements="62" conditionals="26" coveredconditionals="23" methods="12" coveredmethods="11" elements="107" coveredelements="96" complexity="0" loc="69" ncloc="69" packages="1" files="1" classes="1"/>
    <file name="orm.js" path="/home/aymane/Desktop/test/audit-tool/orm.js">
      <metrics statements="69" coveredstatements="62" conditionals="26" coveredconditionals="23" methods="12" coveredmethods="11"/>
      <line num="1" count="1" type="stmt"/>
      <line num="4" count="1" type="stmt"/>
      <line num="6" count="2" type="stmt"/>
      <line num="7" count="2" type="stmt"/>
      <line num="16" count="2" type="stmt"/>
      <line num="18" count="0" type="stmt"/>
      <line num="20" count="2" type="stmt"/>
      <line num="25" count="11" type="stmt"/>
      <line num="26" count="6" type="stmt"/>
      <line num="28" count="11" type="stmt"/>
      <line num="29" count="6" type="stmt"/>
      <line num="30" count="6" type="stmt"/>
      <line num="31" count="6" type="stmt"/>
      <line num="32" count="2" type="stmt"/>
      <line num="34" count="4" type="stmt"/>
      <line num="35" count="4" type="stmt"/>
      <line num="36" count="4" type="stmt"/>
      <line num="43" count="2" type="stmt"/>
      <line num="44" count="2" type="cond" truecount="1" falsecount="1"/>
      <line num="45" count="0" type="stmt"/>
      <line num="46" count="2" type="stmt"/>
      <line num="47" count="2" type="cond" truecount="4" falsecount="0"/>
      <line num="48" count="1" type="stmt"/>
      <line num="49" count="1" type="stmt"/>
      <line num="51" count="2" type="stmt"/>
      <line num="52" count="2" type="stmt"/>
      <line num="53" count="2" type="stmt"/>
      <line num="54" count="2" type="stmt"/>
      <line num="55" count="2" type="stmt"/>
      <line num="57" count="0" type="stmt"/>
      <line num="58" count="0" type="stmt"/>
      <line num="64" count="3" type="stmt"/>
      <line num="66" count="3" type="cond" truecount="2" falsecount="0"/>
      <line num="67" count="2" type="stmt"/>
      <line num="69" count="1" type="stmt"/>
      <line num="70" count="3" type="stmt"/>
      <line num="71" count="2" type="stmt"/>
      <line num="72" count="2" type="stmt"/>
      <line num="73" count="2" type="stmt"/>
      <line num="75" count="1" type="stmt"/>
      <line num="76" count="1" type="stmt"/>
      <line num="82" count="4" type="stmt"/>
      <line num="84" count="4" type="cond" truecount="2" falsecount="0"/>
      <line num="85" count="2" type="stmt"/>
      <line num="87" count="2" type="stmt"/>
      <line num="88" count="4" type="stmt"/>
      <line num="89" count="2" type="stmt"/>
      <line num="90" count="2" type="stmt"/>
      <line num="92" count="2" type="stmt"/>
      <line num="93" count="2" type="stmt"/>
      <line num="100" count="5" type="stmt"/>
      <line num="101" count="5" type="cond" truecount="3" falsecount="1"/>
      <line num="102" count="0" type="stmt"/>
      <line num="103" count="5" type="cond" truecount="3" falsecount="1"/>
      <line num="104" count="0" type="stmt"/>
      <line num="106" count="5" type="stmt"/>
      <line num="107" count="5" type="cond" truecount="4" falsecount="0"/>
      <line num="108" count="4" type="stmt"/>
      <line num="109" count="1" type="stmt"/>
      <line num="112" count="5" type="stmt"/>
      <line num="113" count="5" type="cond" truecount="4" falsecount="0"/>
      <line num="114" count="4" type="stmt"/>
      <line num="115" count="1" type="stmt"/>
      <line num="118" count="5" type="stmt"/>
      <line num="119" count="5" type="stmt"/>
      <line num="121" count="1" type="stmt"/>
      <line num="123" count="4" type="stmt"/>
      <line num="124" count="4" type="stmt"/>
      <line num="129" count="0" type="stmt"/>
    </file>
  </project>
</coverage>
