{"/home/aymane/Desktop/test/audit-tool/orm.js": {"path":"/home/aymane/Desktop/test/audit-tool/orm.js","statementMap":{"0":{"start":{"line":1,"column":18},"end":{"line":1,"column":45}},"1":{"start":{"line":4,"column":0},"end":{"line":131,"column":1}},"2":{"start":{"line":6,"column":12},"end":{"line":19,"column":13}},"3":{"start":{"line":7,"column":16},"end":{"line":15,"column":19}},"4":{"start":{"line":16,"column":16},"end":{"line":16,"column":38}},"5":{"start":{"line":18,"column":16},"end":{"line":18,"column":32}},"6":{"start":{"line":20,"column":12},"end":{"line":20,"column":31}},"7":{"start":{"line":25,"column":24},"end":{"line":25,"column":75}},"8":{"start":{"line":25,"column":53},"end":{"line":25,"column":63}},"9":{"start":{"line":26,"column":23},"end":{"line":26,"column":42}},"10":{"start":{"line":28,"column":24},"end":{"line":28,"column":73}},"11":{"start":{"line":28,"column":58},"end":{"line":28,"column":61}},"12":{"start":{"line":29,"column":29},"end":{"line":29,"column":87}},"13":{"start":{"line":30,"column":8},"end":{"line":37,"column":9}},"14":{"start":{"line":31,"column":27},"end":{"line":31,"column":93}},"15":{"start":{"line":32,"column":12},"end":{"line":32,"column":24}},"16":{"start":{"line":34,"column":12},"end":{"line":34,"column":33}},"17":{"start":{"line":35,"column":12},"end":{"line":35,"column":36}},"18":{"start":{"line":36,"column":12},"end":{"line":36,"column":25}},"19":{"start":{"line":43,"column":8},"end":{"line":59,"column":9}},"20":{"start":{"line":44,"column":12},"end":{"line":45,"column":63}},"21":{"start":{"line":45,"column":16},"end":{"line":45,"column":63}},"22":{"start":{"line":46,"column":31},"end":{"line":50,"column":25}},"23":{"start":{"line":47,"column":16},"end":{"line":48,"column":51}},"24":{"start":{"line":48,"column":20},"end":{"line":48,"column":51}},"25":{"start":{"line":49,"column":16},"end":{"line":49,"column":48}},"26":{"start":{"line":51,"column":34},"end":{"line":51,"column":83}},"27":{"start":{"line":52,"column":27},"end":{"line":52,"column":67}},"28":{"start":{"line":53,"column":12},"end":{"line":53,"column":47}},"29":{"start":{"line":54,"column":12},"end":{"line":54,"column":42}},"30":{"start":{"line":55,"column":12},"end":{"line":55,"column":31}},"31":{"start":{"line":57,"column":12},"end":{"line":57,"column":36}},"32":{"start":{"line":58,"column":12},"end":{"line":58,"column":25}},"33":{"start":{"line":64,"column":8},"end":{"line":77,"column":9}},"34":{"start":{"line":66,"column":12},"end":{"line":69,"column":73}},"35":{"start":{"line":67,"column":16},"end":{"line":67,"column":71}},"36":{"start":{"line":69,"column":16},"end":{"line":69,"column":73}},"37":{"start":{"line":70,"column":27},"end":{"line":70,"column":59}},"38":{"start":{"line":71,"column":12},"end":{"line":71,"column":47}},"39":{"start":{"line":72,"column":12},"end":{"line":72,"column":39}},"40":{"start":{"line":73,"column":12},"end":{"line":73,"column":31}},"41":{"start":{"line":75,"column":12},"end":{"line":75,"column":37}},"42":{"start":{"line":76,"column":12},"end":{"line":76,"column":25}},"43":{"start":{"line":82,"column":8},"end":{"line":94,"column":9}},"44":{"start":{"line":84,"column":12},"end":{"line":87,"column":71}},"45":{"start":{"line":85,"column":16},"end":{"line":85,"column":69}},"46":{"start":{"line":87,"column":16},"end":{"line":87,"column":71}},"47":{"start":{"line":88,"column":27},"end":{"line":88,"column":59}},"48":{"start":{"line":89,"column":12},"end":{"line":89,"column":36}},"49":{"start":{"line":90,"column":12},"end":{"line":90,"column":24}},"50":{"start":{"line":92,"column":12},"end":{"line":92,"column":37}},"51":{"start":{"line":93,"column":12},"end":{"line":93,"column":25}},"52":{"start":{"line":100,"column":8},"end":{"line":125,"column":9}},"53":{"start":{"line":101,"column":12},"end":{"line":102,"column":63}},"54":{"start":{"line":102,"column":16},"end":{"line":102,"column":63}},"55":{"start":{"line":103,"column":12},"end":{"line":104,"column":67}},"56":{"start":{"line":104,"column":16},"end":{"line":104,"column":67}},"57":{"start":{"line":106,"column":26},"end":{"line":110,"column":25}},"58":{"start":{"line":107,"column":16},"end":{"line":108,"column":56}},"59":{"start":{"line":108,"column":20},"end":{"line":108,"column":56}},"60":{"start":{"line":109,"column":16},"end":{"line":109,"column":54}},"61":{"start":{"line":112,"column":24},"end":{"line":116,"column":25}},"62":{"start":{"line":113,"column":16},"end":{"line":114,"column":51}},"63":{"start":{"line":114,"column":20},"end":{"line":114,"column":51}},"64":{"start":{"line":115,"column":16},"end":{"line":115,"column":49}},"65":{"start":{"line":118,"column":26},"end":{"line":118,"column":74}},"66":{"start":{"line":119,"column":27},"end":{"line":119,"column":59}},"67":{"start":{"line":121,"column":12},"end":{"line":121,"column":24}},"68":{"start":{"line":123,"column":12},"end":{"line":123,"column":35}},"69":{"start":{"line":124,"column":12},"end":{"line":124,"column":25}},"70":{"start":{"line":129,"column":8},"end":{"line":129,"column":37}}},"fnMap":{"0":{"name":"(anonymous_0)","decl":{"start":{"line":5,"column":4},"end":{"line":5,"column":5}},"loc":{"start":{"line":5,"column":64},"end":{"line":21,"column":5}},"line":5},"1":{"name":"(anonymous_1)","decl":{"start":{"line":23,"column":4},"end":{"line":23,"column":5}},"loc":{"start":{"line":23,"column":22},"end":{"line":38,"column":5}},"line":23},"2":{"name":"(anonymous_2)","decl":{"start":{"line":25,"column":46},"end":{"line":25,"column":47}},"loc":{"start":{"line":25,"column":53},"end":{"line":25,"column":63}},"line":25},"3":{"name":"(anonymous_3)","decl":{"start":{"line":28,"column":46},"end":{"line":28,"column":47}},"loc":{"start":{"line":28,"column":58},"end":{"line":28,"column":61}},"line":28},"4":{"name":"(anonymous_4)","decl":{"start":{"line":42,"column":4},"end":{"line":42,"column":5}},"loc":{"start":{"line":42,"column":22},"end":{"line":60,"column":5}},"line":42},"5":{"name":"(anonymous_5)","decl":{"start":{"line":46,"column":53},"end":{"line":46,"column":54}},"loc":{"start":{"line":46,"column":60},"end":{"line":50,"column":13}},"line":46},"6":{"name":"(anonymous_6)","decl":{"start":{"line":63,"column":4},"end":{"line":63,"column":5}},"loc":{"start":{"line":63,"column":22},"end":{"line":78,"column":5}},"line":63},"7":{"name":"(anonymous_7)","decl":{"start":{"line":81,"column":4},"end":{"line":81,"column":5}},"loc":{"start":{"line":81,"column":24},"end":{"line":95,"column":5}},"line":81},"8":{"name":"(anonymous_8)","decl":{"start":{"line":99,"column":4},"end":{"line":99,"column":5}},"loc":{"start":{"line":99,"column":37},"end":{"line":126,"column":5}},"line":99},"9":{"name":"(anonymous_9)","decl":{"start":{"line":106,"column":53},"end":{"line":106,"column":54}},"loc":{"start":{"line":106,"column":60},"end":{"line":110,"column":13}},"line":106},"10":{"name":"(anonymous_10)","decl":{"start":{"line":112,"column":46},"end":{"line":112,"column":47}},"loc":{"start":{"line":112,"column":53},"end":{"line":116,"column":13}},"line":112},"11":{"name":"(anonymous_11)","decl":{"start":{"line":128,"column":4},"end":{"line":128,"column":5}},"loc":{"start":{"line":128,"column":17},"end":{"line":130,"column":5}},"line":128}},"branchMap":{"0":{"loc":{"start":{"line":44,"column":12},"end":{"line":45,"column":63}},"type":"if","locations":[{"start":{"line":44,"column":12},"end":{"line":45,"column":63}},{"start":{},"end":{}}],"line":44},"1":{"loc":{"start":{"line":47,"column":16},"end":{"line":48,"column":51}},"type":"if","locations":[{"start":{"line":47,"column":16},"end":{"line":48,"column":51}},{"start":{},"end":{}}],"line":47},"2":{"loc":{"start":{"line":47,"column":19},"end":{"line":47,"column":81}},"type":"binary-expr","locations":[{"start":{"line":47,"column":19},"end":{"line":47,"column":48}},{"start":{"line":47,"column":52},"end":{"line":47,"column":81}}],"line":47},"3":{"loc":{"start":{"line":66,"column":12},"end":{"line":69,"column":73}},"type":"if","locations":[{"start":{"line":66,"column":12},"end":{"line":69,"column":73}},{"start":{"line":69,"column":16},"end":{"line":69,"column":73}}],"line":66},"4":{"loc":{"start":{"line":84,"column":12},"end":{"line":87,"column":71}},"type":"if","locations":[{"start":{"line":84,"column":12},"end":{"line":87,"column":71}},{"start":{"line":87,"column":16},"end":{"line":87,"column":71}}],"line":84},"5":{"loc":{"start":{"line":101,"column":12},"end":{"line":102,"column":63}},"type":"if","locations":[{"start":{"line":101,"column":12},"end":{"line":102,"column":63}},{"start":{},"end":{}}],"line":101},"6":{"loc":{"start":{"line":101,"column":15},"end":{"line":101,"column":53}},"type":"binary-expr","locations":[{"start":{"line":101,"column":15},"end":{"line":101,"column":33}},{"start":{"line":101,"column":37},"end":{"line":101,"column":53}}],"line":101},"7":{"loc":{"start":{"line":103,"column":12},"end":{"line":104,"column":67}},"type":"if","locations":[{"start":{"line":103,"column":12},"end":{"line":104,"column":67}},{"start":{},"end":{}}],"line":103},"8":{"loc":{"start":{"line":103,"column":15},"end":{"line":103,"column":43}},"type":"binary-expr","locations":[{"start":{"line":103,"column":15},"end":{"line":103,"column":28}},{"start":{"line":103,"column":32},"end":{"line":103,"column":43}}],"line":103},"9":{"loc":{"start":{"line":107,"column":16},"end":{"line":108,"column":56}},"type":"if","locations":[{"start":{"line":107,"column":16},"end":{"line":108,"column":56}},{"start":{},"end":{}}],"line":107},"10":{"loc":{"start":{"line":107,"column":19},"end":{"line":107,"column":92}},"type":"binary-expr","locations":[{"start":{"line":107,"column":19},"end":{"line":107,"column":53}},{"start":{"line":107,"column":57},"end":{"line":107,"column":92}}],"line":107},"11":{"loc":{"start":{"line":113,"column":16},"end":{"line":114,"column":51}},"type":"if","locations":[{"start":{"line":113,"column":16},"end":{"line":114,"column":51}},{"start":{},"end":{}}],"line":113},"12":{"loc":{"start":{"line":113,"column":19},"end":{"line":113,"column":82}},"type":"binary-expr","locations":[{"start":{"line":113,"column":19},"end":{"line":113,"column":48}},{"start":{"line":113,"column":52},"end":{"line":113,"column":82}}],"line":113}},"s":{"0":1,"1":1,"2":2,"3":2,"4":2,"5":0,"6":2,"7":6,"8":11,"9":6,"10":6,"11":11,"12":6,"13":6,"14":6,"15":2,"16":4,"17":4,"18":4,"19":2,"20":2,"21":0,"22":2,"23":2,"24":1,"25":1,"26":2,"27":2,"28":2,"29":2,"30":2,"31":0,"32":0,"33":3,"34":3,"35":2,"36":1,"37":3,"38":2,"39":2,"40":2,"41":1,"42":1,"43":4,"44":4,"45":2,"46":2,"47":4,"48":2,"49":2,"50":2,"51":2,"52":5,"53":5,"54":0,"55":5,"56":0,"57":5,"58":5,"59":4,"60":1,"61":5,"62":5,"63":4,"64":1,"65":5,"66":5,"67":1,"68":4,"69":4,"70":0},"f":{"0":2,"1":6,"2":11,"3":11,"4":2,"5":2,"6":3,"7":4,"8":5,"9":5,"10":5,"11":0},"b":{"0":[0,2],"1":[1,1],"2":[2,1],"3":[2,1],"4":[2,2],"5":[0,5],"6":[5,5],"7":[0,5],"8":[5,5],"9":[4,1],"10":[5,1],"11":[4,1],"12":[5,5]},"_coverageSchema":"1a1c01bbd47fc00a2c39e90264f33305004495a9","hash":"b53620efb5fbb9c12586ec4fc2a867ec7a39d42c"}
}
