TN:
SF:orm.js
FN:5,(anonymous_0)
FN:23,(anonymous_1)
FN:25,(anonymous_2)
FN:28,(anonymous_3)
FN:42,(anonymous_4)
FN:46,(anonymous_5)
FN:63,(anonymous_6)
FN:81,(anonymous_7)
FN:99,(anonymous_8)
FN:106,(anonymous_9)
FN:112,(anonymous_10)
FN:128,(anonymous_11)
FNF:12
FNH:11
FNDA:2,(anonymous_0)
FNDA:6,(anonymous_1)
FNDA:11,(anonymous_2)
FNDA:11,(anonymous_3)
FNDA:2,(anonymous_4)
FNDA:2,(anonymous_5)
FNDA:3,(anonymous_6)
FNDA:4,(anonymous_7)
FNDA:5,(anonymous_8)
FNDA:5,(anonymous_9)
FNDA:5,(anonymous_10)
FNDA:0,(anonymous_11)
DA:1,1
DA:4,1
DA:6,2
DA:7,2
DA:16,2
DA:18,0
DA:20,2
DA:25,11
DA:26,6
DA:28,11
DA:29,6
DA:30,6
DA:31,6
DA:32,2
DA:34,4
DA:35,4
DA:36,4
DA:43,2
DA:44,2
DA:45,0
DA:46,2
DA:47,2
DA:48,1
DA:49,1
DA:51,2
DA:52,2
DA:53,2
DA:54,2
DA:55,2
DA:57,0
DA:58,0
DA:64,3
DA:66,3
DA:67,2
DA:69,1
DA:70,3
DA:71,2
DA:72,2
DA:73,2
DA:75,1
DA:76,1
DA:82,4
DA:84,4
DA:85,2
DA:87,2
DA:88,4
DA:89,2
DA:90,2
DA:92,2
DA:93,2
DA:100,5
DA:101,5
DA:102,0
DA:103,5
DA:104,0
DA:106,5
DA:107,5
DA:108,4
DA:109,1
DA:112,5
DA:113,5
DA:114,4
DA:115,1
DA:118,5
DA:119,5
DA:121,1
DA:123,4
DA:124,4
DA:129,0
LF:69
LH:62
BRDA:44,0,0,0
BRDA:44,0,1,2
BRDA:47,1,0,1
BRDA:47,1,1,1
BRDA:47,2,0,2
BRDA:47,2,1,1
BRDA:66,3,0,2
BRDA:66,3,1,1
BRDA:84,4,0,2
BRDA:84,4,1,2
BRDA:101,5,0,0
BRDA:101,5,1,5
BRDA:101,6,0,5
BRDA:101,6,1,5
BRDA:103,7,0,0
BRDA:103,7,1,5
BRDA:103,8,0,5
BRDA:103,8,1,5
BRDA:107,9,0,4
BRDA:107,9,1,1
BRDA:107,10,0,5
BRDA:107,10,1,1
BRDA:113,11,0,4
BRDA:113,11,1,1
BRDA:113,12,0,5
BRDA:113,12,1,5
BRF:26
BRH:23
end_of_record
